<?xml version="1.0" encoding="UTF-8"?>
<!-- Generated by org.testng.reporters.JUnitXMLReporter -->
<testsuite ignored="0" hostname="DESKTOP-RG6HM4D" failures="0" tests="6" name="Surefire test" time="21.929" errors="0" timestamp="2023-04-21T10:27:09 IST">
  <testcase classname="org.example.AppTest" name="checkbox1" time="0.098"/>
  <testcase classname="org.example.AppTest" name="checkbox2" time="0.083"/>
  <testcase classname="org.example.AppTest" name="dropdown1" time="0.16"/>
  <testcase classname="org.example.AppTest" name="dropdown2" time="0.134"/>
  <testcase classname="org.example.AppTest" name="dropdown3" time="0.173"/>
  <testcase classname="org.example.AppTest" name="radioButton" time="0.182"/>
</testsuite> <!-- Surefire test -->
