<?xml version="1.0" encoding="UTF-8"?>
<testng-results ignored="0" total="6" passed="6" failed="0" skipped="0">
  <reporter-output>
  </reporter-output>
  <suite started-at="2023-04-21T10:26:47 IST" name="Surefire suite" finished-at="2023-04-21T10:27:09 IST" duration-ms="21929">
    <groups>
    </groups>
    <test started-at="2023-04-21T10:26:47 IST" name="Surefire test" finished-at="2023-04-21T10:27:09 IST" duration-ms="21929">
      <class name="org.example.AppTest">
        <test-method is-config="true" signature="setUpDriver()[pri:0, instance:org.example.AppTest@3d121db3]" started-at="2023-04-21T10:26:47 IST" name="setUpDriver" finished-at="2023-04-21T10:27:08 IST" duration-ms="20803" status="PASS">
          <reporter-output>
          </reporter-output>
        </test-method> <!-- setUpDriver -->
        <test-method signature="checkbox1()[pri:0, instance:org.example.AppTest@3d121db3]" started-at="2023-04-21T10:27:08 IST" name="checkbox1" finished-at="2023-04-21T10:27:08 IST" duration-ms="98" status="PASS">
          <reporter-output>
          </reporter-output>
        </test-method> <!-- checkbox1 -->
        <test-method signature="checkbox2()[pri:0, instance:org.example.AppTest@3d121db3]" started-at="2023-04-21T10:27:08 IST" name="checkbox2" finished-at="2023-04-21T10:27:08 IST" duration-ms="83" status="PASS">
          <reporter-output>
          </reporter-output>
        </test-method> <!-- checkbox2 -->
        <test-method signature="dropdown1()[pri:0, instance:org.example.AppTest@3d121db3]" started-at="2023-04-21T10:27:08 IST" name="dropdown1" finished-at="2023-04-21T10:27:08 IST" duration-ms="160" status="PASS">
          <reporter-output>
          </reporter-output>
        </test-method> <!-- dropdown1 -->
        <test-method signature="dropdown2()[pri:0, instance:org.example.AppTest@3d121db3]" started-at="2023-04-21T10:27:08 IST" name="dropdown2" finished-at="2023-04-21T10:27:08 IST" duration-ms="134" status="PASS">
          <reporter-output>
          </reporter-output>
        </test-method> <!-- dropdown2 -->
        <test-method signature="dropdown3()[pri:0, instance:org.example.AppTest@3d121db3]" started-at="2023-04-21T10:27:08 IST" name="dropdown3" finished-at="2023-04-21T10:27:08 IST" duration-ms="173" status="PASS">
          <reporter-output>
          </reporter-output>
        </test-method> <!-- dropdown3 -->
        <test-method signature="radioButton()[pri:0, instance:org.example.AppTest@3d121db3]" started-at="2023-04-21T10:27:08 IST" name="radioButton" finished-at="2023-04-21T10:27:08 IST" duration-ms="182" status="PASS">
          <reporter-output>
          </reporter-output>
        </test-method> <!-- radioButton -->
        <test-method is-config="true" signature="closeDriver()[pri:0, instance:org.example.AppTest@3d121db3]" started-at="2023-04-21T10:27:08 IST" name="closeDriver" finished-at="2023-04-21T10:27:09 IST" duration-ms="225" status="PASS">
          <reporter-output>
          </reporter-output>
        </test-method> <!-- closeDriver -->
      </class> <!-- org.example.AppTest -->
    </test> <!-- Surefire test -->
  </suite> <!-- Surefire suite -->
</testng-results>
